# JRE version: OpenJDK Runtime Environment (8.0_242-b01) (build 1.8.0_242-release-1644-b01)
# Java VM: OpenJDK 64-Bit Server VM (25.242-b01 mixed mode windows-amd64 compressed oops)
Heap:
 PSYoungGen      total 371712K, used 371702K [0x00000000e0000000, 0x0000000100000000, 0x0000000100000000)
  eden space 219136K, 100% used [0x00000000e0000000,0x00000000ed600000,0x00000000ed600000)
  from space 152576K, 99% used [0x00000000ed600000,0x00000000f6afdb88,0x00000000f6b00000)
  to   space 152576K, 31% used [0x00000000f6b00000,0x00000000f99ac568,0x0000000100000000)
 ParOldGen       total 714240K, used 703000K [0x00000000a0000000, 0x00000000cb980000, 0x00000000e0000000)
  object space 714240K, 98% used [0x00000000a0000000,0x00000000cae86260,0x00000000cb980000)
 Metaspace       used 156379K, capacity 163080K, committed 163352K, reserved 1191936K
  class space    used 19360K, capacity 20691K, committed 20776K, reserved 1048576K
GC Heap History (10 events):
Event: 391.030 GC heap after
Heap after GC invocations=91 (full 10):
 PSYoungGen      total 397312K, used 0K [0x00000000e0000000, 0x0000000100000000, 0x0000000100000000)
  eden space 270336K, 0% used [0x00000000e0000000,0x00000000e0000000,0x00000000f0800000)
  from space 126976K, 0% used [0x00000000f0800000,0x00000000f0800000,0x00000000f8400000)
  to   space 125440K, 0% used [0x00000000f8580000,0x00000000f8580000,0x0000000100000000)
 ParOldGen       total 714240K, used 456457K [0x00000000a0000000, 0x00000000cb980000, 0x00000000e0000000)
  object space 714240K, 63% used [0x00000000a0000000,0x00000000bbdc2678,0x00000000cb980000)
 Metaspace       used 156001K, capacity 162578K, committed 162840K, reserved 1191936K
  class space    used 19304K, capacity 20624K, committed 20776K, reserved 1048576K
}
Event: 391.592 GC heap before
{Heap before GC invocations=92 (full 10):
 PSYoungGen      total 397312K, used 270336K [0x00000000e0000000, 0x0000000100000000, 0x0000000100000000)
  eden space 270336K, 100% used [0x00000000e0000000,0x00000000f0800000,0x00000000f0800000)
  from space 126976K, 0% used [0x00000000f0800000,0x00000000f0800000,0x00000000f8400000)
  to   space 125440K, 0% used [0x00000000f8580000,0x00000000f8580000,0x0000000100000000)
 ParOldGen       total 714240K, used 456457K [0x00000000a0000000, 0x00000000cb980000, 0x00000000e0000000)
  object space 714240K, 63% used [0x00000000a0000000,0x00000000bbdc2678,0x00000000cb980000)
 Metaspace       used 156198K, capacity 162906K, committed 163096K, reserved 1191936K
  class space    used 19346K, capacity 20680K, committed 20776K, reserved 1048576K
Event: 391.640 GC heap after
Heap after GC invocations=92 (full 10):
 PSYoungGen      total 392704K, used 59598K [0x00000000e0000000, 0x00000000ffb80000, 0x0000000100000000)
  eden space 271872K, 0% used [0x00000000e0000000,0x00000000e0000000,0x00000000f0980000)
  from space 120832K, 49% used [0x00000000f8580000,0x00000000fbfb3988,0x00000000ffb80000)
  to   space 123904K, 0% used [0x00000000f0980000,0x00000000f0980000,0x00000000f8280000)
 ParOldGen       total 714240K, used 456465K [0x00000000a0000000, 0x00000000cb980000, 0x00000000e0000000)
  object space 714240K, 63% used [0x00000000a0000000,0x00000000bbdc4678,0x00000000cb980000)
 Metaspace       used 156198K, capacity 162906K, committed 163096K, reserved 1191936K
  class space    used 19346K, capacity 20680K, committed 20776K, reserved 1048576K
}
Event: 392.654 GC heap before
{Heap before GC invocations=93 (full 10):
 PSYoungGen      total 392704K, used 331470K [0x00000000e0000000, 0x00000000ffb80000, 0x0000000100000000)
  eden space 271872K, 100% used [0x00000000e0000000,0x00000000f0980000,0x00000000f0980000)
  from space 120832K, 49% used [0x00000000f8580000,0x00000000fbfb3988,0x00000000ffb80000)
  to   space 123904K, 0% used [0x00000000f0980000,0x00000000f0980000,0x00000000f8280000)
 ParOldGen       total 714240K, used 456465K [0x00000000a0000000, 0x00000000cb980000, 0x00000000e0000000)
  object space 714240K, 63% used [0x00000000a0000000,0x00000000bbdc4678,0x00000000cb980000)
 Metaspace       used 156267K, capacity 162924K, committed 163096K, reserved 1191936K
  class space    used 19349K, capacity 20685K, committed 20776K, reserved 1048576K
Event: 392.676 GC heap after
Heap after GC invocations=93 (full 10):
 PSYoungGen      total 395776K, used 65547K [0x00000000e0000000, 0x0000000100000000, 0x0000000100000000)
  eden space 271872K, 0% used [0x00000000e0000000,0x00000000e0000000,0x00000000f0980000)
  from space 123904K, 52% used [0x00000000f0980000,0x00000000f4982f10,0x00000000f8280000)
  to   space 124416K, 0% used [0x00000000f8680000,0x00000000f8680000,0x0000000100000000)
 ParOldGen       total 714240K, used 456473K [0x00000000a0000000, 0x00000000cb980000, 0x00000000e0000000)
  object space 714240K, 63% used [0x00000000a0000000,0x00000000bbdc6678,0x00000000cb980000)
 Metaspace       used 156267K, capacity 162924K, committed 163096K, reserved 1191936K
  class space    used 19349K, capacity 20685K, committed 20776K, reserved 1048576K
}
Event: 393.925 GC heap before
{Heap before GC invocations=94 (full 10):
 PSYoungGen      total 395776K, used 337419K [0x00000000e0000000, 0x0000000100000000, 0x0000000100000000)
  eden space 271872K, 100% used [0x00000000e0000000,0x00000000f0980000,0x00000000f0980000)
  from space 123904K, 52% used [0x00000000f0980000,0x00000000f4982f10,0x00000000f8280000)
  to   space 124416K, 0% used [0x00000000f8680000,0x00000000f8680000,0x0000000100000000)
 ParOldGen       total 714240K, used 456473K [0x00000000a0000000, 0x00000000cb980000, 0x00000000e0000000)
  object space 714240K, 63% used [0x00000000a0000000,0x00000000bbdc6678,0x00000000cb980000)
 Metaspace       used 156358K, capacity 163012K, committed 163352K, reserved 1191936K
  class space    used 19360K, capacity 20691K, committed 20776K, reserved 1048576K
Event: 394.067 GC heap after
Heap after GC invocations=94 (full 10):
 PSYoungGen      total 343552K, used 124400K [0x00000000e0000000, 0x0000000100000000, 0x0000000100000000)
  eden space 219136K, 0% used [0x00000000e0000000,0x00000000e0000000,0x00000000ed600000)
  from space 124416K, 99% used [0x00000000f8680000,0x00000000ffffc1f8,0x0000000100000000)
  to   space 152576K, 0% used [0x00000000ed600000,0x00000000ed600000,0x00000000f6b00000)
 ParOldGen       total 714240K, used 475092K [0x00000000a0000000, 0x00000000cb980000, 0x00000000e0000000)
  object space 714240K, 66% used [0x00000000a0000000,0x00000000bcff5240,0x00000000cb980000)
 Metaspace       used 156358K, capacity 163012K, committed 163352K, reserved 1191936K
  class space    used 19360K, capacity 20691K, committed 20776K, reserved 1048576K
}
Event: 394.619 GC heap before
{Heap before GC invocations=95 (full 10):
 PSYoungGen      total 343552K, used 343536K [0x00000000e0000000, 0x0000000100000000, 0x0000000100000000)
  eden space 219136K, 100% used [0x00000000e0000000,0x00000000ed600000,0x00000000ed600000)
  from space 124416K, 99% used [0x00000000f8680000,0x00000000ffffc1f8,0x0000000100000000)
  to   space 152576K, 0% used [0x00000000ed600000,0x00000000ed600000,0x00000000f6b00000)
 ParOldGen       total 714240K, used 475092K [0x00000000a0000000, 0x00000000cb980000, 0x00000000e0000000)
  object space 714240K, 66% used [0x00000000a0000000,0x00000000bcff5240,0x00000000cb980000)
 Metaspace       used 156363K, capacity 163012K, committed 163352K, reserved 1191936K
  class space    used 19360K, capacity 20691K, committed 20776K, reserved 1048576K
Event: 394.907 GC heap after
Heap after GC invocations=95 (full 10):
 PSYoungGen      total 371712K, used 152566K [0x00000000e0000000, 0x0000000100000000, 0x0000000100000000)
  eden space 219136K, 0% used [0x00000000e0000000,0x00000000e0000000,0x00000000ed600000)
  from space 152576K, 99% used [0x00000000ed600000,0x00000000f6afdb88,0x00000000f6b00000)
  to   space 152576K, 0% used [0x00000000f6b00000,0x00000000f6b00000,0x0000000100000000)
 ParOldGen       total 714240K, used 575325K [0x00000000a0000000, 0x00000000cb980000, 0x00000000e0000000)
  object space 714240K, 80% used [0x00000000a0000000,0x00000000c31d75d0,0x00000000cb980000)
 Metaspace       used 156363K, capacity 163012K, committed 163352K, reserved 1191936K
  class space    used 19360K, capacity 20691K, committed 20776K, reserved 1048576K
}
Event: 396.112 GC heap before
{Heap before GC invocations=96 (full 10):
 PSYoungGen      total 371712K, used 371702K [0x00000000e0000000, 0x0000000100000000, 0x0000000100000000)
  eden space 219136K, 100% used [0x00000000e0000000,0x00000000ed600000,0x00000000ed600000)
  from space 152576K, 99% used [0x00000000ed600000,0x00000000f6afdb88,0x00000000f6b00000)
  to   space 152576K, 0% used [0x00000000f6b00000,0x00000000f6b00000,0x0000000100000000)
 ParOldGen       total 714240K, used 575325K [0x00000000a0000000, 0x00000000cb980000, 0x00000000e0000000)
  object space 714240K, 80% used [0x00000000a0000000,0x00000000c31d75d0,0x00000000cb980000)
 Metaspace       used 156379K, capacity 163080K, committed 163352K, reserved 1191936K
  class space    used 19360K, capacity 20691K, committed 20776K, reserved 1048576K

