# JRE version: OpenJDK Runtime Environment (8.0_242-b01) (build 1.8.0_242-release-1644-b01)
# Java VM: OpenJDK 64-Bit Server VM (25.242-b01 mixed mode windows-amd64 compressed oops)
Heap:
 PSYoungGen      total 320000K, used 36261K [0x00000000e0000000, 0x00000000ff700000, 0x0000000100000000)
  eden space 283648K, 0% used [0x00000000e0000000,0x00000000e0000000,0x00000000f1500000)
  from space 36352K, 99% used [0x00000000f1500000,0x00000000f3869428,0x00000000f3880000)
  to   space 113152K, 0% used [0x00000000f8880000,0x00000000f8880000,0x00000000ff700000)
 ParOldGen       total 519680K, used 439403K [0x00000000a0000000, 0x00000000bfb80000, 0x00000000e0000000)
  object space 519680K, 84% used [0x00000000a0000000,0x00000000bad1af00,0x00000000bfb80000)
 Metaspace       used 91346K, capacity 95996K, committed 96152K, reserved 1132544K
  class space    used 11732K, capacity 12645K, committed 12712K, reserved 1048576K
GC Heap History (10 events):
Event: 209.702 GC heap after
Heap after GC invocations=90 (full 8):
 PSYoungGen      total 335360K, used 31200K [0x00000000e0000000, 0x0000000100000000, 0x0000000100000000)
  eden space 304128K, 0% used [0x00000000e0000000,0x00000000e0000000,0x00000000f2900000)
  from space 31232K, 99% used [0x00000000fe180000,0x00000000ffff8250,0x0000000100000000)
  to   space 110080K, 0% used [0x00000000f2900000,0x00000000f2900000,0x00000000f9480000)
 ParOldGen       total 459776K, used 459696K [0x00000000a0000000, 0x00000000bc100000, 0x00000000e0000000)
  object space 459776K, 99% used [0x00000000a0000000,0x00000000bc0ec2d0,0x00000000bc100000)
 Metaspace       used 91211K, capacity 95814K, committed 95896K, reserved 1132544K
  class space    used 11727K, capacity 12638K, committed 12712K, reserved 1048576K
}
Event: 209.702 GC heap before
{Heap before GC invocations=91 (full 9):
 PSYoungGen      total 335360K, used 31200K [0x00000000e0000000, 0x0000000100000000, 0x0000000100000000)
  eden space 304128K, 0% used [0x00000000e0000000,0x00000000e0000000,0x00000000f2900000)
  from space 31232K, 99% used [0x00000000fe180000,0x00000000ffff8250,0x0000000100000000)
  to   space 110080K, 0% used [0x00000000f2900000,0x00000000f2900000,0x00000000f9480000)
 ParOldGen       total 459776K, used 459696K [0x00000000a0000000, 0x00000000bc100000, 0x00000000e0000000)
  object space 459776K, 99% used [0x00000000a0000000,0x00000000bc0ec2d0,0x00000000bc100000)
 Metaspace       used 91211K, capacity 95814K, committed 95896K, reserved 1132544K
  class space    used 11727K, capacity 12638K, committed 12712K, reserved 1048576K
Event: 210.674 GC heap after
Heap after GC invocations=91 (full 9):
 PSYoungGen      total 335360K, used 0K [0x00000000e0000000, 0x0000000100000000, 0x0000000100000000)
  eden space 304128K, 0% used [0x00000000e0000000,0x00000000e0000000,0x00000000f2900000)
  from space 31232K, 0% used [0x00000000fe180000,0x00000000fe180000,0x0000000100000000)
  to   space 110080K, 0% used [0x00000000f2900000,0x00000000f2900000,0x00000000f9480000)
 ParOldGen       total 519680K, used 302145K [0x00000000a0000000, 0x00000000bfb80000, 0x00000000e0000000)
  object space 519680K, 58% used [0x00000000a0000000,0x00000000b2710538,0x00000000bfb80000)
 Metaspace       used 91209K, capacity 95812K, committed 95896K, reserved 1132544K
  class space    used 11726K, capacity 12637K, committed 12712K, reserved 1048576K
}
Event: 211.596 GC heap before
{Heap before GC invocations=92 (full 9):
 PSYoungGen      total 335360K, used 304128K [0x00000000e0000000, 0x0000000100000000, 0x0000000100000000)
  eden space 304128K, 100% used [0x00000000e0000000,0x00000000f2900000,0x00000000f2900000)
  from space 31232K, 0% used [0x00000000fe180000,0x00000000fe180000,0x0000000100000000)
  to   space 110080K, 0% used [0x00000000f2900000,0x00000000f2900000,0x00000000f9480000)
 ParOldGen       total 519680K, used 302145K [0x00000000a0000000, 0x00000000bfb80000, 0x00000000e0000000)
  object space 519680K, 58% used [0x00000000a0000000,0x00000000b2710538,0x00000000bfb80000)
 Metaspace       used 91225K, capacity 95876K, committed 96152K, reserved 1132544K
  class space    used 11726K, capacity 12637K, committed 12712K, reserved 1048576K
Event: 211.713 GC heap after
Heap after GC invocations=92 (full 9):
 PSYoungGen      total 409088K, used 104652K [0x00000000e0000000, 0x0000000100000000, 0x0000000100000000)
  eden space 304128K, 0% used [0x00000000e0000000,0x00000000e0000000,0x00000000f2900000)
  from space 104960K, 99% used [0x00000000f2900000,0x00000000f8f333c8,0x00000000f8f80000)
  to   space 115200K, 0% used [0x00000000f8f80000,0x00000000f8f80000,0x0000000100000000)
 ParOldGen       total 519680K, used 302145K [0x00000000a0000000, 0x00000000bfb80000, 0x00000000e0000000)
  object space 519680K, 58% used [0x00000000a0000000,0x00000000b2710538,0x00000000bfb80000)
 Metaspace       used 91225K, capacity 95876K, committed 96152K, reserved 1132544K
  class space    used 11726K, capacity 12637K, committed 12712K, reserved 1048576K
}
Event: 213.247 GC heap before
{Heap before GC invocations=93 (full 9):
 PSYoungGen      total 409088K, used 408780K [0x00000000e0000000, 0x0000000100000000, 0x0000000100000000)
  eden space 304128K, 100% used [0x00000000e0000000,0x00000000f2900000,0x00000000f2900000)
  from space 104960K, 99% used [0x00000000f2900000,0x00000000f8f333c8,0x00000000f8f80000)
  to   space 115200K, 0% used [0x00000000f8f80000,0x00000000f8f80000,0x0000000100000000)
 ParOldGen       total 519680K, used 302145K [0x00000000a0000000, 0x00000000bfb80000, 0x00000000e0000000)
  object space 519680K, 58% used [0x00000000a0000000,0x00000000b2710538,0x00000000bfb80000)
 Metaspace       used 91271K, capacity 95898K, committed 96152K, reserved 1132544K
  class space    used 11728K, capacity 12638K, committed 12712K, reserved 1048576K
Event: 213.387 GC heap after
Heap after GC invocations=93 (full 9):
 PSYoungGen      total 398848K, used 38627K [0x00000000e0000000, 0x0000000100000000, 0x0000000100000000)
  eden space 283648K, 0% used [0x00000000e0000000,0x00000000e0000000,0x00000000f1500000)
  from space 115200K, 33% used [0x00000000f8f80000,0x00000000fb538db0,0x0000000100000000)
  to   space 120320K, 0% used [0x00000000f1500000,0x00000000f1500000,0x00000000f8a80000)
 ParOldGen       total 519680K, used 401010K [0x00000000a0000000, 0x00000000bfb80000, 0x00000000e0000000)
  object space 519680K, 77% used [0x00000000a0000000,0x00000000b879c938,0x00000000bfb80000)
 Metaspace       used 91271K, capacity 95898K, committed 96152K, reserved 1132544K
  class space    used 11728K, capacity 12638K, committed 12712K, reserved 1048576K
}
Event: 214.880 GC heap before
{Heap before GC invocations=94 (full 9):
 PSYoungGen      total 398848K, used 322275K [0x00000000e0000000, 0x0000000100000000, 0x0000000100000000)
  eden space 283648K, 100% used [0x00000000e0000000,0x00000000f1500000,0x00000000f1500000)
  from space 115200K, 33% used [0x00000000f8f80000,0x00000000fb538db0,0x0000000100000000)
  to   space 120320K, 0% used [0x00000000f1500000,0x00000000f1500000,0x00000000f8a80000)
 ParOldGen       total 519680K, used 401010K [0x00000000a0000000, 0x00000000bfb80000, 0x00000000e0000000)
  object space 519680K, 77% used [0x00000000a0000000,0x00000000b879c938,0x00000000bfb80000)
 Metaspace       used 91346K, capacity 95996K, committed 96152K, reserved 1132544K
  class space    used 11732K, capacity 12645K, committed 12712K, reserved 1048576K
Event: 214.960 GC heap after
Heap after GC invocations=94 (full 9):
 PSYoungGen      total 320000K, used 36261K [0x00000000e0000000, 0x00000000ff700000, 0x0000000100000000)
  eden space 283648K, 0% used [0x00000000e0000000,0x00000000e0000000,0x00000000f1500000)
  from space 36352K, 99% used [0x00000000f1500000,0x00000000f3869428,0x00000000f3880000)
  to   space 113152K, 0% used [0x00000000f8880000,0x00000000f8880000,0x00000000ff700000)
 ParOldGen       total 519680K, used 439403K [0x00000000a0000000, 0x00000000bfb80000, 0x00000000e0000000)
  object space 519680K, 84% used [0x00000000a0000000,0x00000000bad1af00,0x00000000bfb80000)
 Metaspace       used 91346K, capacity 95996K, committed 96152K, reserved 1132544K
  class space    used 11732K, capacity 12645K, committed 12712K, reserved 1048576K
}
Event: 214.960 GC heap before
{Heap before GC invocations=95 (full 10):
 PSYoungGen      total 320000K, used 36261K [0x00000000e0000000, 0x00000000ff700000, 0x0000000100000000)
  eden space 283648K, 0% used [0x00000000e0000000,0x00000000e0000000,0x00000000f1500000)
  from space 36352K, 99% used [0x00000000f1500000,0x00000000f3869428,0x00000000f3880000)
  to   space 113152K, 0% used [0x00000000f8880000,0x00000000f8880000,0x00000000ff700000)
 ParOldGen       total 519680K, used 439403K [0x00000000a0000000, 0x00000000bfb80000, 0x00000000e0000000)
  object space 519680K, 84% used [0x00000000a0000000,0x00000000bad1af00,0x00000000bfb80000)
 Metaspace       used 91346K, capacity 95996K, committed 96152K, reserved 1132544K
  class space    used 11732K, capacity 12645K, committed 12712K, reserved 1048576K

